<?xml version="1.0" encoding="UTF-8"?>
<!-- Generated by org.testng.reporters.JUnitReportReporter -->
<testsuite hostname="Manojs-MacBook-Air.local" failures="0" tests="2" name="Chatowl.apptest" time="0.010" errors="0" timestamp="2024-11-19T16:55:11 IST" skipped="0">
  <testcase classname="Chatowl.apptest" name="testlogin3" time="0.001"/>
  <system-out/>
  <testcase classname="Chatowl.apptest" name="testlogin1" time="0.009"/>
  <system-out/>
</testsuite> <!-- Chatowl.apptest -->
